<?xml version="1.0" encoding="UTF-8"?>
<!-- Generated by org.testng.reporters.JUnitReportReporter -->
<testsuite hostname="DESKTOP-C9BCRHN" failures="0" tests="3" name="com.Test.PageTest.LoginTest" time="0.011" errors="0" timestamp="2023-01-14T15:36:49 IST" skipped="0">
  <testcase classname="com.Test.PageTest.LoginTest" name="loginTest" time="0.006"/>
  <system-out/>
  <testcase classname="com.Test.PageTest.LoginTest" name="loginTest" time="0.002"/>
  <system-out/>
  <testcase classname="com.Test.PageTest.LoginTest" name="loginTest" time="0.003"/>
  <system-out/>
</testsuite> <!-- com.Test.PageTest.LoginTest -->
